nohup: 忽略输入

> admin-web@0.0.0 dev
> vite


  VITE v6.4.1  ready in 572 ms

  ➜  Local:   http://localhost:13085/
  ➜  Network: http://192.168.3.52:13085/
  ➜  Network: http://172.17.0.1:13085/
  ➜  Network: http://172.18.0.1:13085/
  ➜  Network: http://172.20.0.1:13085/
  ➜  Network: http://172.19.0.1:13085/
  ➜  Network: http://172.21.0.1:13085/
15:23:10 [vite] (client) hmr update /src/views/Feedbacks.vue
15:25:15 [vite] (client) hmr update /src/views/Feedbacks.vue
15:58:30 [vite] (client) hmr update /src/views/Feedbacks.vue
15:58:37 [vite] (client) hmr update /src/views/Feedbacks.vue
15:58:50 [vite] (client) hmr update /src/views/Users.vue
15:58:54 [vite] (client) hmr update /src/views/Users.vue
15:58:57 [vite] (client) hmr update /src/views/Users.vue
15:59:01 [vite] (client) hmr update /src/views/Users.vue
15:59:05 [vite] (client) hmr update /src/views/Users.vue
15:59:09 [vite] (client) hmr update /src/views/Users.vue
15:59:14 [vite] (client) hmr update /src/views/Users.vue
15:59:39 [vite] (client) hmr update /src/views/Feedbacks.vue
15:59:46 [vite] (client) hmr update /src/views/Users.vue
15:59:51 [vite] (client) hmr update /src/views/Users.vue
15:59:57 [vite] (client) hmr update /src/views/Users.vue
16:00:01 [vite] (client) hmr update /src/views/Users.vue
16:00:06 [vite] (client) hmr update /src/views/Users.vue
16:00:11 [vite] (client) hmr update /src/views/Users.vue
16:00:20 [vite] (client) hmr update /src/views/Users.vue
16:00:27 [vite] (client) hmr update /src/views/Feedbacks.vue
16:00:32 [vite] (client) hmr update /src/views/Feedbacks.vue
16:03:44 [vite] (client) hmr update /src/views/Users.vue
16:03:51 [vite] (client) hmr update /src/views/Users.vue
16:03:57 [vite] (client) hmr update /src/views/Feedbacks.vue
16:04:01 [vite] (client) hmr update /src/views/Feedbacks.vue
